<?xml version="1.0" encoding="UTF-8"?>
<testng-results skipped="0" failed="0" ignored="0" total="1" passed="1">
  <reporter-output>
  </reporter-output>
  <suite name="testsuite1" duration-ms="983" started-at="2017-11-15T10:52:56Z" finished-at="2017-11-15T10:52:57Z">
    <groups>
    </groups>
    <test name="test1" duration-ms="983" started-at="2017-11-15T10:52:56Z" finished-at="2017-11-15T10:52:57Z">
      <class name="HomePageTest">
        <test-method status="PASS" signature="verifyhomepage()[pri:0, instance:HomePageTest@712625fd]" name="verifyhomepage" duration-ms="472" started-at="2017-11-15T16:22:56Z" finished-at="2017-11-15T16:22:56Z">
          <reporter-output>
          </reporter-output>
        </test-method> <!-- verifyhomepage -->
        <test-method status="PASS" signature="quitApplication()[pri:0, instance:HomePageTest@712625fd]" name="quitApplication" is-config="true" duration-ms="485" started-at="2017-11-15T16:22:56Z" finished-at="2017-11-15T16:22:57Z">
          <reporter-output>
          </reporter-output>
        </test-method> <!-- quitApplication -->
      </class> <!-- HomePageTest -->
    </test> <!-- test1 -->
  </suite> <!-- testsuite1 -->
</testng-results>
