<?xml version="1.0" encoding="UTF-8"?>
<testsuite xmlns:xsi="http://www.w3.org/2001/XMLSchema-instance" xsi:noNamespaceSchemaLocation="https://maven.apache.org/surefire/maven-surefire-plugin/xsd/surefire-test-report.xsd" name="TestSuite" time="6.095" tests="2" errors="0" skipped="0" failures="1">
  <properties>
[...]
</properties>
  <testcase name="paralleltesting" classname="OpenBrowser" time="4.881"/>
  <testcase name="paralleltesting" classname="OpenBrowser" time="5.61">
    <failure message="Process unexpectedly closed with status: 0&#10;Build info: version: &apos;3.7.0&apos;, revision: &apos;2321c73&apos;, time: &apos;2017-11-02T22:22:35.584Z&apos;&#10;System info: host: &apos;XE-T-HIMANIBA&apos;, ip: &apos;192.168.1.175&apos;, os.name: &apos;Windows 8.1&apos;, os.arch: &apos;amd64&apos;, os.version: &apos;6.3&apos;, java.version: &apos;1.8.0_152&apos;&#10;Driver info: driver.version: FirefoxDriver&#10;remote stacktrace: stack backtrace:&#10;   0:           0x47e934 - &lt;no info&gt;&#10;   1:           0x47f0a3 - &lt;no info&gt;&#10;   2:           0x442649 - &lt;no info&gt;&#10;   3:           0x449cc3 - &lt;no info&gt;&#10;   4:           0x42a890 - &lt;no info&gt;&#10;   5:           0x406f5e - &lt;no info&gt;&#10;   6:           0x40cfc9 - &lt;no info&gt;&#10;   7:           0x6bef19 - &lt;no info&gt;&#10;   8:           0x420756 - &lt;no info&gt;&#10;   9:           0x6b96e0 - &lt;no info&gt;&#10;  10:     0x7ff83d7c1611 - BaseThreadInitThunk" type="org.openqa.selenium.WebDriverException"><![CDATA[org.openqa.selenium.WebDriverException: 
Process unexpectedly closed with status: 0
Build info: version: '3.7.0', revision: '2321c73', time: '2017-11-02T22:22:35.584Z'
System info: host: 'XE-T-HIMANIBA', ip: '192.168.1.175', os.name: 'Windows 8.1', os.arch: 'amd64', os.version: '6.3', java.version: '1.8.0_152'
Driver info: driver.version: FirefoxDriver
remote stacktrace: stack backtrace:
   0:           0x47e934 - <no info>
   1:           0x47f0a3 - <no info>
   2:           0x442649 - <no info>
   3:           0x449cc3 - <no info>
   4:           0x42a890 - <no info>
   5:           0x406f5e - <no info>
   6:           0x40cfc9 - <no info>
   7:           0x6bef19 - <no info>
   8:           0x420756 - <no info>
   9:           0x6b96e0 - <no info>
  10:     0x7ff83d7c1611 - BaseThreadInitThunk
	at OpenBrowser.paralleltesting(OpenBrowser.java:20)
]]></failure>
  </testcase>
</testsuite>